Flow report for DE0_Nano
Sat Dec 16 16:01:17 2017
Quartus Prime Version 17.1.0 Build 590 10/25/2017 SJ Lite Edition


---------------------
; Table of Contents ;
---------------------
  1. Legal Notice
  2. Flow Summary
  3. Flow Settings
  4. Flow Non-Default Global Settings
  5. Flow Elapsed Time
  6. Flow OS Summary
  7. Flow Log
  8. Flow Messages
  9. Flow Suppressed Messages



----------------
; Legal Notice ;
----------------
Copyright (C) 2017  Intel Corporation. All rights reserved.
Your use of Intel Corporation's design tools, logic functions 
and other software and tools, and its AMPP partner logic 
functions, and any output files from any of the foregoing 
(including device programming or simulation files), and any 
associated documentation or information are expressly subject 
to the terms and conditions of the Intel Program License 
Subscription Agreement, the Intel Quartus Prime License Agreement,
the Intel FPGA IP License Agreement, or other applicable license
agreement, including, without limitation, that your use is for
the sole purpose of programming logic devices manufactured by
Intel and sold by Intel or its authorized distributors.  Please
refer to the applicable agreement for further details.



+----------------------------------------------------------------------------------+
; Flow Summary                                                                     ;
+------------------------------------+---------------------------------------------+
; Flow Status                        ; Successful - Sat Dec 16 16:01:08 2017       ;
; Quartus Prime Version              ; 17.1.0 Build 590 10/25/2017 SJ Lite Edition ;
; Revision Name                      ; DE0_Nano                                    ;
; Top-level Entity Name              ; DE0_nano_top_level                          ;
; Family                             ; Cyclone IV E                                ;
; Device                             ; EP4CE22F17C6                                ;
; Timing Models                      ; Final                                       ;
; Total logic elements               ; 5,746 / 22,320 ( 26 % )                     ;
;     Total combinational functions  ; 4,952 / 22,320 ( 22 % )                     ;
;     Dedicated logic registers      ; 3,634 / 22,320 ( 16 % )                     ;
; Total registers                    ; 3703                                        ;
; Total pins                         ; 88 / 154 ( 57 % )                           ;
; Total virtual pins                 ; 0                                           ;
; Total memory bits                  ; 109,760 / 608,256 ( 18 % )                  ;
; Embedded Multiplier 9-bit elements ; 6 / 132 ( 5 % )                             ;
; Total PLLs                         ; 1 / 4 ( 25 % )                              ;
+------------------------------------+---------------------------------------------+


+-----------------------------------------+
; Flow Settings                           ;
+-------------------+---------------------+
; Option            ; Setting             ;
+-------------------+---------------------+
; Start date & time ; 12/16/2017 15:58:56 ;
; Main task         ; Compilation         ;
; Revision Name     ; DE0_Nano            ;
+-------------------+---------------------+


+-----------------------------------------------------------------------------------------------------------------------------------------------------------+
; Flow Non-Default Global Settings                                                                                                                          ;
+-------------------------------------+-------------------------------------------------------------------+---------------+--------------------+------------+
; Assignment Name                     ; Value                                                             ; Default Value ; Entity Name        ; Section Id ;
+-------------------------------------+-------------------------------------------------------------------+---------------+--------------------+------------+
; COMPILER_SIGNATURE_ID               ; 171706086636588.151343633600480                                   ; --            ; --                 ; --         ;
; ENABLE_SIGNALTAP                    ; Off                                                               ; --            ; --                 ; --         ;
; MAX_CORE_JUNCTION_TEMP              ; 85                                                                ; --            ; --                 ; --         ;
; MIN_CORE_JUNCTION_TEMP              ; 0                                                                 ; --            ; --                 ; --         ;
; MISC_FILE                           ; DE0_nano_system/synthesis/../DE0_nano_system.cmp                  ; --            ; --                 ; --         ;
; MISC_FILE                           ; DE0_nano_system/synthesis/../../DE0_nano_system.qsys              ; --            ; --                 ; --         ;
; OUTPUT_IO_TIMING_FAR_END_VMEAS      ; Half Signal Swing                                                 ; --            ; --                 ; --         ;
; OUTPUT_IO_TIMING_FAR_END_VMEAS      ; Half Signal Swing                                                 ; --            ; --                 ; --         ;
; OUTPUT_IO_TIMING_NEAR_END_VMEAS     ; Half Vccio                                                        ; --            ; --                 ; --         ;
; OUTPUT_IO_TIMING_NEAR_END_VMEAS     ; Half Vccio                                                        ; --            ; --                 ; --         ;
; PARTITION_COLOR                     ; -- (Not supported for targeted family)                            ; --            ; DE0_nano_top_level ; Top        ;
; PARTITION_FITTER_PRESERVATION_LEVEL ; -- (Not supported for targeted family)                            ; --            ; DE0_nano_top_level ; Top        ;
; PARTITION_NETLIST_TYPE              ; -- (Not supported for targeted family)                            ; --            ; DE0_nano_top_level ; Top        ;
; POWER_BOARD_THERMAL_MODEL           ; None (CONSERVATIVE)                                               ; --            ; --                 ; --         ;
; POWER_PRESET_COOLING_SOLUTION       ; 23 MM HEAT SINK WITH 200 LFPM AIRFLOW                             ; --            ; --                 ; --         ;
; SLD_FILE                            ; DE0_nano_system/synthesis/DE0_nano_system.regmap                  ; --            ; --                 ; --         ;
; SLD_FILE                            ; DE0_nano_system/synthesis/DE0_nano_system.debuginfo               ; --            ; --                 ; --         ;
; SLD_INFO                            ; QSYS_NAME DE0_nano_system HAS_SOPCINFO 1 GENERATION_ID 1513433802 ; --            ; DE0_nano_system    ; --         ;
; SOPCINFO_FILE                       ; DE0_nano_system/synthesis/../../DE0_nano_system.sopcinfo          ; --            ; --                 ; --         ;
; SYNTHESIS_ONLY_QIP                  ; On                                                                ; --            ; --                 ; --         ;
; TOP_LEVEL_ENTITY                    ; DE0_nano_top_level                                                ; DE0_Nano      ; --                 ; --         ;
; USE_SIGNALTAP_FILE                  ; test.stp                                                          ; --            ; --                 ; --         ;
+-------------------------------------+-------------------------------------------------------------------+---------------+--------------------+------------+


+-------------------------------------------------------------------------------------------------------------------------------+
; Flow Elapsed Time                                                                                                             ;
+---------------------------+--------------+-------------------------+---------------------+------------------------------------+
; Module Name               ; Elapsed Time ; Average Processors Used ; Peak Virtual Memory ; Total CPU Time (on all processors) ;
+---------------------------+--------------+-------------------------+---------------------+------------------------------------+
; Analysis & Synthesis      ; 00:01:14     ; 1.0                     ; 945 MB              ; 00:01:34                           ;
; Fitter                    ; 00:00:45     ; 1.1                     ; 1625 MB             ; 00:01:02                           ;
; Assembler                 ; 00:00:03     ; 1.0                     ; 624 MB              ; 00:00:03                           ;
; TimeQuest Timing Analyzer ; 00:00:07     ; 1.3                     ; 785 MB              ; 00:00:08                           ;
; Total                     ; 00:02:09     ; --                      ; --                  ; 00:02:47                           ;
+---------------------------+--------------+-------------------------+---------------------+------------------------------------+


+-----------------------------------------------------------------------------------------+
; Flow OS Summary                                                                         ;
+---------------------------+------------------+------------+------------+----------------+
; Module Name               ; Machine Hostname ; OS Name    ; OS Version ; Processor type ;
+---------------------------+------------------+------------+------------+----------------+
; Analysis & Synthesis      ; Richard          ; Windows 10 ; 10.0       ; x86_64         ;
; Fitter                    ; Richard          ; Windows 10 ; 10.0       ; x86_64         ;
; Assembler                 ; Richard          ; Windows 10 ; 10.0       ; x86_64         ;
; TimeQuest Timing Analyzer ; Richard          ; Windows 10 ; 10.0       ; x86_64         ;
+---------------------------+------------------+------------+------------+----------------+


------------
; Flow Log ;
------------
quartus_map --read_settings_files=on --write_settings_files=off DE0_Nano -c DE0_Nano
quartus_fit --read_settings_files=off --write_settings_files=off DE0_Nano -c DE0_Nano
quartus_asm --read_settings_files=off --write_settings_files=off DE0_Nano -c DE0_Nano
quartus_sta DE0_Nano -c DE0_Nano



